=== puma startup: 2018-09-12 15:54:14 -0700 ===
[56274] - Worker 0 (pid: 56346) booted, phase: 0
[56274] - Worker 1 (pid: 56347) booted, phase: 0
[56274] - Worker 2 (pid: 56348) booted, phase: 0
[56274] - Worker 3 (pid: 56349) booted, phase: 0
[56274] - Gracefully shutting down workers...
[56274] === puma shutdown: 2018-09-12 15:54:14 -0700 ===
[56274] - Goodbye!
=== puma startup: 2018-09-12 15:54:19 -0700 ===
[56371] - Worker 1 (pid: 56378) booted, phase: 0
[56371] - Worker 0 (pid: 56377) booted, phase: 0
[56371] - Worker 2 (pid: 56379) booted, phase: 0
[56371] - Worker 3 (pid: 56380) booted, phase: 0
[56371] - Gracefully shutting down workers...
[56371] === puma shutdown: 2018-09-12 15:55:16 -0700 ===
[56371] - Goodbye!
[56371] * Listening on tcp://0.0.0.0:9292
[56371] Use Ctrl-C to stop
=== puma startup: 2018-09-12 15:55:16 -0700 ===
[56371] - Worker 0 (pid: 56487) booted, phase: 0
[56371] - Worker 1 (pid: 56488) booted, phase: 0
[56371] - Worker 2 (pid: 56489) booted, phase: 0
[56371] - Worker 3 (pid: 56490) booted, phase: 0
[56371] - Gracefully shutting down workers...
[56371] === puma shutdown: 2018-09-12 15:55:17 -0700 ===
[56371] - Goodbye!
=== puma startup: 2018-09-12 15:55:19 -0700 ===
[56498] - Worker 0 (pid: 56505) booted, phase: 0
[56498] - Worker 1 (pid: 56506) booted, phase: 0
[56498] - Worker 2 (pid: 56507) booted, phase: 0
[56498] - Worker 3 (pid: 56508) booted, phase: 0
[56498] - Gracefully shutting down workers...
[56498] === puma shutdown: 2018-09-12 15:55:27 -0700 ===
[56498] - Goodbye!
[56498] * Listening on tcp://0.0.0.0:9292
[56498] Use Ctrl-C to stop
=== puma startup: 2018-09-12 15:55:27 -0700 ===
[56498] - Worker 0 (pid: 56519) booted, phase: 0
[56498] - Worker 1 (pid: 56520) booted, phase: 0
[56498] - Worker 2 (pid: 56521) booted, phase: 0
[56498] - Worker 3 (pid: 56522) booted, phase: 0
[56498] - Gracefully shutting down workers...
[56498] === puma shutdown: 2018-09-12 15:55:28 -0700 ===
[56498] - Goodbye!
=== puma startup: 2018-09-12 15:55:30 -0700 ===
[56538] + Gemfile in context: /Users/jmcgin83/sandbox/ical/Gemfile
[56539] + Gemfile in context: /Users/jmcgin83/sandbox/ical/Gemfile
[56536] - Worker 0 (pid: 56538) booted, phase: 0
[56536] - Worker 1 (pid: 56539) booted, phase: 0
[56540] + Gemfile in context: /Users/jmcgin83/sandbox/ical/Gemfile
[56541] + Gemfile in context: /Users/jmcgin83/sandbox/ical/Gemfile
[56536] - Worker 2 (pid: 56540) booted, phase: 0
[56536] - Worker 3 (pid: 56541) booted, phase: 0
[56536] - Gracefully shutting down workers...
[56536] === puma shutdown: 2018-09-12 15:56:19 -0700 ===
[56536] - Goodbye!
